<?xml version="1.0" encoding="UTF-8"?>
<!-- Generated by org.testng.reporters.JUnitXMLReporter -->
<testsuite ignored="0" hostname="LAPTOP-GFESOBHC" failures="1" tests="1" name="Test2" time="8.255" errors="0" timestamp="2022-06-28T08:00:23 EDT">
  <testcase classname="testCases.TC_001_AccountRegistration" name="test_accountRegistrartion" time="5.315">
    <failure type="java.lang.AssertionError" message="expected [true] but found [false]">
      <![CDATA[java.lang.AssertionError: expected [true] but found [false]
at testCases.TC_001_AccountRegistration.test_accountRegistrartion(TC_001_AccountRegistration.java:64)
at java.base/java.util.ArrayList.forEach(ArrayList.java:1511)
... Removed 31 stack frames]]>
    </failure>
  </testcase> <!-- test_accountRegistrartion -->
</testsuite> <!-- Test2 -->
